<?xml version="1.0" encoding="UTF-8"?>
<!-- Generated by org.testng.reporters.JUnitXMLReporter -->
<testsuite ignored="0" hostname="INBOOK_X2_PLUS" failures="4" tests="5" name="FirefoxChromeChatGPTTests" time="89.586" errors="0" timestamp="2025-05-11T16:52:22 IST">
  <testcase classname="com.example.pages.ChatGPTTest" name="testDismissPopup" time="1.532"/>
  <testcase classname="com.example.pages.ChatGPTTest" name="testClickNewChatButton" time="20.081">
    <failure type="org.openqa.selenium.TimeoutException" message="Expected condition failed: waiting for element to be clickable: By.xpath: //*[@id=&amp;apos;page-header&amp;apos;]/div[2]/div/span/a (tried for 20 second(s) with 500 milliseconds interval)
Build info: version: &amp;apos;4.23.0&amp;apos;, revision: &amp;apos;4df0a231af&amp;apos;
System info: os.name: &amp;apos;Windows 11&amp;apos;, os.arch: &amp;apos;amd64&amp;apos;, os.version: &amp;apos;10.0&amp;apos;, java.version: &amp;apos;17.0.12&amp;apos;
Driver info: org.openqa.selenium.remote.RemoteWebDriver
Capabilities {acceptInsecureCerts: true, browserName: firefox, browserVersion: 136.0.2, container:hostname: 90b89c45401d, moz:accessibilityChecks: false, moz:buildID: 20250317120031, moz:debuggerAddress: 127.0.0.1:9897, moz:firefoxOptions: {prefs: {remote.active-protocols: 3}}, moz:geckodriverVersion: 0.36.0, moz:headless: false, moz:platformVersion: 5.15.167.4-microsoft-standa..., moz:processID: 792, moz:profile: /tmp/rust_mozprofile7VUidf, moz:shutdownTimeout: 60000, moz:webdriverClick: true, moz:windowless: false, pageLoadStrategy: normal, platformName: linux, proxy: Proxy(), se:bidiEnabled: false, se:cdp: ws://172.20.0.4:4444/sessio..., se:containerName: 90b89c45401d, se:noVncPort: 7900, se:vnc: ws://172.20.0.4:4444/sessio..., se:vncEnabled: true, se:vncLocalAddress: ws://172.20.0.4:7900, setWindowRect: true, strictFileInteractability: false, timeouts: {implicit: 0, pageLoad: 300000, script: 30000}, unhandledPromptBehavior: dismiss and notify, userAgent: Mozilla/5.0 (X11; Linux x86...}
Session ID: 0b924eba-7671-4dd4-bd49-96c4063d3bbd">
      <![CDATA[org.openqa.selenium.TimeoutException: Expected condition failed: waiting for element to be clickable: By.xpath: //*[@id='page-header']/div[2]/div/span/a (tried for 20 second(s) with 500 milliseconds interval)
Build info: version: '4.23.0', revision: '4df0a231af'
System info: os.name: 'Windows 11', os.arch: 'amd64', os.version: '10.0', java.version: '17.0.12'
Driver info: org.openqa.selenium.remote.RemoteWebDriver
Capabilities {acceptInsecureCerts: true, browserName: firefox, browserVersion: 136.0.2, container:hostname: 90b89c45401d, moz:accessibilityChecks: false, moz:buildID: 20250317120031, moz:debuggerAddress: 127.0.0.1:9897, moz:firefoxOptions: {prefs: {remote.active-protocols: 3}}, moz:geckodriverVersion: 0.36.0, moz:headless: false, moz:platformVersion: 5.15.167.4-microsoft-standa..., moz:processID: 792, moz:profile: /tmp/rust_mozprofile7VUidf, moz:shutdownTimeout: 60000, moz:webdriverClick: true, moz:windowless: false, pageLoadStrategy: normal, platformName: linux, proxy: Proxy(), se:bidiEnabled: false, se:cdp: ws://172.20.0.4:4444/sessio..., se:containerName: 90b89c45401d, se:noVncPort: 7900, se:vnc: ws://172.20.0.4:4444/sessio..., se:vncEnabled: true, se:vncLocalAddress: ws://172.20.0.4:7900, setWindowRect: true, strictFileInteractability: false, timeouts: {implicit: 0, pageLoad: 300000, script: 30000}, unhandledPromptBehavior: dismiss and notify, userAgent: Mozilla/5.0 (X11; Linux x86...}
Session ID: 0b924eba-7671-4dd4-bd49-96c4063d3bbd
at org.openqa.selenium.support.ui.WebDriverWait.timeoutException(WebDriverWait.java:84)
at org.openqa.selenium.support.ui.FluentWait.until(FluentWait.java:228)
at com.example.pages.ChatGPTPage.clickNewChatButton(ChatGPTPage.java:47)
at com.example.pages.ChatGPTTest.testClickNewChatButton(ChatGPTTest.java:65)
at java.base/java.util.ArrayList.forEach(ArrayList.java:1511)
at java.base/java.util.concurrent.FutureTask.run(FutureTask.java:264)
at java.base/java.util.concurrent.ThreadPoolExecutor.runWorker(ThreadPoolExecutor.java:1136)
at java.base/java.util.concurrent.ThreadPoolExecutor$Worker.run(ThreadPoolExecutor.java:635)
at java.base/java.lang.Thread.run(Thread.java:842)
... Removed 17 stack frames]]>
    </failure>
  </testcase> <!-- testClickNewChatButton -->
  <testcase classname="com.example.pages.ChatGPTTest" name="testEnterTextAndSend" time="20.017">
    <failure type="java.lang.RuntimeException" message="Failed to send message">
      <![CDATA[java.lang.RuntimeException: Failed to send message
at com.example.pages.ChatGPTPage.enterTextAndSend(ChatGPTPage.java:67)
at com.example.pages.ChatGPTTest.testEnterTextAndSend(ChatGPTTest.java:73)
at java.base/java.util.ArrayList.forEach(ArrayList.java:1511)
at java.base/java.util.concurrent.FutureTask.run(FutureTask.java:264)
at java.base/java.util.concurrent.ThreadPoolExecutor.runWorker(ThreadPoolExecutor.java:1136)
at java.base/java.util.concurrent.ThreadPoolExecutor$Worker.run(ThreadPoolExecutor.java:635)
at java.base/java.lang.Thread.run(Thread.java:842)
Caused by: org.openqa.selenium.TimeoutException: Expected condition failed: waiting for presence of element located by: By.xpath: //div[@id='prompt-textarea'] (tried for 20 second(s) with 500 milliseconds interval)
at org.openqa.selenium.support.ui.WebDriverWait.timeoutException(WebDriverWait.java:84)
at org.openqa.selenium.support.ui.FluentWait.until(FluentWait.java:228)
at com.example.pages.ChatGPTPage.enterTextAndSend(ChatGPTPage.java:60)
... 23 more
Caused by: org.openqa.selenium.NoSuchElementException: Unable to locate element: //div[@id='prompt-textarea']
For documentation on this error, please visit: https://www.selenium.dev/documentation/webdriver/troubleshooting/errors#no-such-element-exception
Build info: version: '4.23.0', revision: '4df0a231af'
System info: os.name: 'Windows 11', os.arch: 'amd64', os.version: '10.0', java.version: '17.0.12'
Driver info: org.openqa.selenium.remote.RemoteWebDriver
Command: [0b924eba-7671-4dd4-bd49-96c4063d3bbd, findElement {value=//div[@id='prompt-textarea'], using=xpath}]
Capabilities {acceptInsecureCerts: true, browserName: firefox, browserVersion: 136.0.2, container:hostname: 90b89c45401d, moz:accessibilityChecks: false, moz:buildID: 20250317120031, moz:debuggerAddress: 127.0.0.1:9897, moz:firefoxOptions: {prefs: {remote.active-protocols: 3}}, moz:geckodriverVersion: 0.36.0, moz:headless: false, moz:platformVersion: 5.15.167.4-microsoft-standa..., moz:processID: 792, moz:profile: /tmp/rust_mozprofile7VUidf, moz:shutdownTimeout: 60000, moz:webdriverClick: true, moz:windowless: false, pageLoadStrategy: normal, platformName: linux, proxy: Proxy(), se:bidiEnabled: false, se:cdp: ws://172.20.0.4:4444/sessio..., se:containerName: 90b89c45401d, se:noVncPort: 7900, se:vnc: ws://172.20.0.4:4444/sessio..., se:vncEnabled: true, se:vncLocalAddress: ws://172.20.0.4:7900, setWindowRect: true, strictFileInteractability: false, timeouts: {implicit: 0, pageLoad: 300000, script: 30000}, unhandledPromptBehavior: dismiss and notify, userAgent: Mozilla/5.0 (X11; Linux x86...}
Session ID: 0b924eba-7671-4dd4-bd49-96c4063d3bbd
at org.openqa.selenium.remote.ErrorCodec.decode(ErrorCodec.java:167)
at org.openqa.selenium.remote.codec.w3c.W3CHttpResponseCodec.decode(W3CHttpResponseCodec.java:138)
at org.openqa.selenium.remote.codec.w3c.W3CHttpResponseCodec.decode(W3CHttpResponseCodec.java:50)
at org.openqa.selenium.remote.HttpCommandExecutor.execute(HttpCommandExecutor.java:190)
at org.openqa.selenium.remote.TracedCommandExecutor.execute(TracedCommandExecutor.java:53)
at org.openqa.selenium.remote.RemoteWebDriver.execute(RemoteWebDriver.java:527)
at org.openqa.selenium.remote.ElementLocation$ElementFinder$2.findElement(ElementLocation.java:165)
at org.openqa.selenium.remote.ElementLocation.findElement(ElementLocation.java:59)
at org.openqa.selenium.remote.RemoteWebDriver.findElement(RemoteWebDriver.java:357)
at org.openqa.selenium.remote.RemoteWebDriver.findElement(RemoteWebDriver.java:351)
at org.openqa.selenium.support.ui.ExpectedConditions$6.apply(ExpectedConditions.java:171)
at org.openqa.selenium.support.ui.ExpectedConditions$6.apply(ExpectedConditions.java:168)
at org.openqa.selenium.support.ui.FluentWait.until(FluentWait.java:203)
... 24 more
... Removed 21 stack frames]]>
    </failure>
  </testcase> <!-- testEnterTextAndSend -->
  <testcase classname="com.example.pages.ChatGPTTest" name="testClickSignUpButton" time="20.382">
    <failure type="org.openqa.selenium.TimeoutException" message="Expected condition failed: waiting for element to be clickable: By.xpath: //*[@id=&amp;apos;conversation-header-actions&amp;apos;]/div/button[2] (tried for 20 second(s) with 500 milliseconds interval)
Build info: version: &amp;apos;4.23.0&amp;apos;, revision: &amp;apos;4df0a231af&amp;apos;
System info: os.name: &amp;apos;Windows 11&amp;apos;, os.arch: &amp;apos;amd64&amp;apos;, os.version: &amp;apos;10.0&amp;apos;, java.version: &amp;apos;17.0.12&amp;apos;
Driver info: org.openqa.selenium.remote.RemoteWebDriver
Capabilities {acceptInsecureCerts: true, browserName: firefox, browserVersion: 136.0.2, container:hostname: 90b89c45401d, moz:accessibilityChecks: false, moz:buildID: 20250317120031, moz:debuggerAddress: 127.0.0.1:9897, moz:firefoxOptions: {prefs: {remote.active-protocols: 3}}, moz:geckodriverVersion: 0.36.0, moz:headless: false, moz:platformVersion: 5.15.167.4-microsoft-standa..., moz:processID: 792, moz:profile: /tmp/rust_mozprofile7VUidf, moz:shutdownTimeout: 60000, moz:webdriverClick: true, moz:windowless: false, pageLoadStrategy: normal, platformName: linux, proxy: Proxy(), se:bidiEnabled: false, se:cdp: ws://172.20.0.4:4444/sessio..., se:containerName: 90b89c45401d, se:noVncPort: 7900, se:vnc: ws://172.20.0.4:4444/sessio..., se:vncEnabled: true, se:vncLocalAddress: ws://172.20.0.4:7900, setWindowRect: true, strictFileInteractability: false, timeouts: {implicit: 0, pageLoad: 300000, script: 30000}, unhandledPromptBehavior: dismiss and notify, userAgent: Mozilla/5.0 (X11; Linux x86...}
Session ID: 0b924eba-7671-4dd4-bd49-96c4063d3bbd">
      <![CDATA[org.openqa.selenium.TimeoutException: Expected condition failed: waiting for element to be clickable: By.xpath: //*[@id='conversation-header-actions']/div/button[2] (tried for 20 second(s) with 500 milliseconds interval)
Build info: version: '4.23.0', revision: '4df0a231af'
System info: os.name: 'Windows 11', os.arch: 'amd64', os.version: '10.0', java.version: '17.0.12'
Driver info: org.openqa.selenium.remote.RemoteWebDriver
Capabilities {acceptInsecureCerts: true, browserName: firefox, browserVersion: 136.0.2, container:hostname: 90b89c45401d, moz:accessibilityChecks: false, moz:buildID: 20250317120031, moz:debuggerAddress: 127.0.0.1:9897, moz:firefoxOptions: {prefs: {remote.active-protocols: 3}}, moz:geckodriverVersion: 0.36.0, moz:headless: false, moz:platformVersion: 5.15.167.4-microsoft-standa..., moz:processID: 792, moz:profile: /tmp/rust_mozprofile7VUidf, moz:shutdownTimeout: 60000, moz:webdriverClick: true, moz:windowless: false, pageLoadStrategy: normal, platformName: linux, proxy: Proxy(), se:bidiEnabled: false, se:cdp: ws://172.20.0.4:4444/sessio..., se:containerName: 90b89c45401d, se:noVncPort: 7900, se:vnc: ws://172.20.0.4:4444/sessio..., se:vncEnabled: true, se:vncLocalAddress: ws://172.20.0.4:7900, setWindowRect: true, strictFileInteractability: false, timeouts: {implicit: 0, pageLoad: 300000, script: 30000}, unhandledPromptBehavior: dismiss and notify, userAgent: Mozilla/5.0 (X11; Linux x86...}
Session ID: 0b924eba-7671-4dd4-bd49-96c4063d3bbd
at org.openqa.selenium.support.ui.WebDriverWait.timeoutException(WebDriverWait.java:84)
at org.openqa.selenium.support.ui.FluentWait.until(FluentWait.java:228)
at com.example.pages.ChatGPTPage.clickSignUpButton(ChatGPTPage.java:72)
at com.example.pages.ChatGPTTest.testClickSignUpButton(ChatGPTTest.java:79)
at java.base/java.util.ArrayList.forEach(ArrayList.java:1511)
at java.base/java.util.concurrent.FutureTask.run(FutureTask.java:264)
at java.base/java.util.concurrent.ThreadPoolExecutor.runWorker(ThreadPoolExecutor.java:1136)
at java.base/java.util.concurrent.ThreadPoolExecutor$Worker.run(ThreadPoolExecutor.java:635)
at java.base/java.lang.Thread.run(Thread.java:842)
... Removed 17 stack frames]]>
    </failure>
  </testcase> <!-- testClickSignUpButton -->
  <testcase classname="com.example.pages.ChatGPTTest" name="testClickLoginButton" time="20.257">
    <failure type="org.openqa.selenium.TimeoutException" message="Expected condition failed: waiting for element to be clickable: By.xpath: //button[@data-testid=&amp;apos;login-button&amp;apos;] (tried for 20 second(s) with 500 milliseconds interval)
Build info: version: &amp;apos;4.23.0&amp;apos;, revision: &amp;apos;4df0a231af&amp;apos;
System info: os.name: &amp;apos;Windows 11&amp;apos;, os.arch: &amp;apos;amd64&amp;apos;, os.version: &amp;apos;10.0&amp;apos;, java.version: &amp;apos;17.0.12&amp;apos;
Driver info: org.openqa.selenium.remote.RemoteWebDriver
Capabilities {acceptInsecureCerts: true, browserName: firefox, browserVersion: 136.0.2, container:hostname: 90b89c45401d, moz:accessibilityChecks: false, moz:buildID: 20250317120031, moz:debuggerAddress: 127.0.0.1:9897, moz:firefoxOptions: {prefs: {remote.active-protocols: 3}}, moz:geckodriverVersion: 0.36.0, moz:headless: false, moz:platformVersion: 5.15.167.4-microsoft-standa..., moz:processID: 792, moz:profile: /tmp/rust_mozprofile7VUidf, moz:shutdownTimeout: 60000, moz:webdriverClick: true, moz:windowless: false, pageLoadStrategy: normal, platformName: linux, proxy: Proxy(), se:bidiEnabled: false, se:cdp: ws://172.20.0.4:4444/sessio..., se:containerName: 90b89c45401d, se:noVncPort: 7900, se:vnc: ws://172.20.0.4:4444/sessio..., se:vncEnabled: true, se:vncLocalAddress: ws://172.20.0.4:7900, setWindowRect: true, strictFileInteractability: false, timeouts: {implicit: 0, pageLoad: 300000, script: 30000}, unhandledPromptBehavior: dismiss and notify, userAgent: Mozilla/5.0 (X11; Linux x86...}
Session ID: 0b924eba-7671-4dd4-bd49-96c4063d3bbd">
      <![CDATA[org.openqa.selenium.TimeoutException: Expected condition failed: waiting for element to be clickable: By.xpath: //button[@data-testid='login-button'] (tried for 20 second(s) with 500 milliseconds interval)
Build info: version: '4.23.0', revision: '4df0a231af'
System info: os.name: 'Windows 11', os.arch: 'amd64', os.version: '10.0', java.version: '17.0.12'
Driver info: org.openqa.selenium.remote.RemoteWebDriver
Capabilities {acceptInsecureCerts: true, browserName: firefox, browserVersion: 136.0.2, container:hostname: 90b89c45401d, moz:accessibilityChecks: false, moz:buildID: 20250317120031, moz:debuggerAddress: 127.0.0.1:9897, moz:firefoxOptions: {prefs: {remote.active-protocols: 3}}, moz:geckodriverVersion: 0.36.0, moz:headless: false, moz:platformVersion: 5.15.167.4-microsoft-standa..., moz:processID: 792, moz:profile: /tmp/rust_mozprofile7VUidf, moz:shutdownTimeout: 60000, moz:webdriverClick: true, moz:windowless: false, pageLoadStrategy: normal, platformName: linux, proxy: Proxy(), se:bidiEnabled: false, se:cdp: ws://172.20.0.4:4444/sessio..., se:containerName: 90b89c45401d, se:noVncPort: 7900, se:vnc: ws://172.20.0.4:4444/sessio..., se:vncEnabled: true, se:vncLocalAddress: ws://172.20.0.4:7900, setWindowRect: true, strictFileInteractability: false, timeouts: {implicit: 0, pageLoad: 300000, script: 30000}, unhandledPromptBehavior: dismiss and notify, userAgent: Mozilla/5.0 (X11; Linux x86...}
Session ID: 0b924eba-7671-4dd4-bd49-96c4063d3bbd
at org.openqa.selenium.support.ui.WebDriverWait.timeoutException(WebDriverWait.java:84)
at org.openqa.selenium.support.ui.FluentWait.until(FluentWait.java:228)
at com.example.pages.ChatGPTPage.clickLoginButton(ChatGPTPage.java:41)
at com.example.pages.ChatGPTTest.testClickLoginButton(ChatGPTTest.java:87)
at java.base/java.util.ArrayList.forEach(ArrayList.java:1511)
at java.base/java.util.concurrent.FutureTask.run(FutureTask.java:264)
at java.base/java.util.concurrent.ThreadPoolExecutor.runWorker(ThreadPoolExecutor.java:1136)
at java.base/java.util.concurrent.ThreadPoolExecutor$Worker.run(ThreadPoolExecutor.java:635)
at java.base/java.lang.Thread.run(Thread.java:842)
... Removed 17 stack frames]]>
    </failure>
  </testcase> <!-- testClickLoginButton -->
</testsuite> <!-- FirefoxChromeChatGPTTests -->
